<?xml version="1.0" encoding="UTF-8"?>
<!-- Generated by org.testng.reporters.JUnitXMLReporter -->
<testsuite ignored="2" hostname="MSI" failures="0" tests="4" name="Basics" time="0.046" errors="0" timestamp="2022-02-06T17:50:59 EST">
  <testcase classname="basic_test_cases.TestNGTest" name="firstPriorityTest" time="0.001"/>
  <testcase classname="basic_test_cases.TestNGTest2" name="mobileCarLoanTest" time="0.001"/>
  <testcase classname="basic_test_cases.TestNGTest2" name="mobilePersonalInfo" time="0.001"/>
  <testcase classname="basic_test_cases.TestNGTest" name="secondPriorityTest" time="0.0"/>
  <testcase classname="basic_test_cases.TestNGTest" name="skipTest" time="0.0">
    <ignored/>
  </testcase> <!-- skipTest -->
  <testcase classname="basic_test_cases.TestNGTest2" name="apiTest" time="0.0">
    <ignored/>
  </testcase> <!-- apiTest -->
</testsuite> <!-- Basics -->
