<?xml version="1.0" encoding="UTF-8"?>
<!-- Generated by org.testng.reporters.JUnitXMLReporter -->
<testsuite ignored="4" hostname="MSI" failures="0" tests="7" name="Regression" time="0.064" errors="0" timestamp="2022-02-06T17:50:59 EST">
  <testcase classname="basic_test_cases.TestNGGroup" name="addItem" time="0.001"/>
  <testcase classname="basic_test_cases.TestNGTest" name="firstPriorityTest" time="0.0"/>
  <testcase classname="basic_test_cases.TestNGGroup" name="firstTest" time="0.007"/>
  <testcase classname="basic_test_cases.TestNGTest2" name="mobilePersonalInfo" time="0.0"/>
  <testcase classname="basic_test_cases.TestNGGroup" name="login" time="0.005"/>
  <testcase classname="basic_test_cases.TestNGGroup" name="login" time="0.001"/>
  <testcase classname="basic_test_cases.TestNGGroup" name="login" time="0.0"/>
  <testcase classname="basic_test_cases.TestNGTest" name="secondPriorityTest" time="0.0">
    <ignored/>
  </testcase> <!-- secondPriorityTest -->
  <testcase classname="basic_test_cases.TestNGTest" name="skipTest" time="0.0">
    <ignored/>
  </testcase> <!-- skipTest -->
  <testcase classname="basic_test_cases.TestNGTest2" name="apiTest" time="0.0">
    <ignored/>
  </testcase> <!-- apiTest -->
  <testcase classname="basic_test_cases.TestNGTest2" name="mobileCarLoanTest" time="0.0">
    <ignored/>
  </testcase> <!-- mobileCarLoanTest -->
</testsuite> <!-- Regression -->
